[2020-03-20T15:17:48.329] [DEBUG] cheese - login => username:tom,password:123456
[2020-03-20T15:17:48.330] [DEBUG] cheese - tom
[2020-03-20T15:17:48.338] [DEBUG] cheese - null
[2020-03-20T15:17:48.339] [DEBUG] cheese - null
[2020-03-20T15:18:13.284] [DEBUG] cheese - login => username:admin,password:123456
[2020-03-20T15:18:13.284] [DEBUG] cheese - admin
[2020-03-20T15:18:13.287] [DEBUG] cheese - null
[2020-03-20T15:18:13.287] [DEBUG] cheese - null
[2020-03-20T20:13:10.233] [DEBUG] cheese - login => username:asdfa,password:asdfasasdf
[2020-03-20T20:13:10.234] [DEBUG] cheese - asdfa
[2020-03-20T20:13:10.239] [DEBUG] cheese - null
[2020-03-20T20:13:10.239] [DEBUG] cheese - null
[2020-03-20T20:15:25.805] [DEBUG] cheese - login => username:asdfa,password:asfdasdfa
[2020-03-20T20:15:25.805] [DEBUG] cheese - asdfa
[2020-03-20T20:15:25.806] [DEBUG] cheese - null
[2020-03-20T20:15:25.806] [DEBUG] cheese - null
[2020-03-20T20:18:15.004] [DEBUG] cheese - login => username:asdfa,password:asdfasdfa
[2020-03-20T20:18:15.004] [DEBUG] cheese - asdfa
[2020-03-20T20:18:15.005] [DEBUG] cheese - null
[2020-03-20T20:18:15.006] [DEBUG] cheese - null
[2020-03-20T20:18:21.667] [DEBUG] cheese - login => username:admin,password:123456
[2020-03-20T20:18:21.667] [DEBUG] cheese - admin
[2020-03-20T20:18:21.670] [DEBUG] cheese - null
[2020-03-20T20:18:21.670] [DEBUG] cheese - null
[2020-03-20T20:18:31.102] [DEBUG] cheese - login => username:admin,password:123456
[2020-03-20T20:18:31.102] [DEBUG] cheese - admin
[2020-03-20T20:18:31.104] [DEBUG] cheese - null
[2020-03-20T20:18:31.104] [DEBUG] cheese - null
[2020-03-20T20:18:31.240] [DEBUG] cheese - login => username:admin,password:123456
[2020-03-20T20:18:31.241] [DEBUG] cheese - admin
[2020-03-20T20:18:31.242] [DEBUG] cheese - null
[2020-03-20T20:18:31.242] [DEBUG] cheese - null
[2020-03-20T20:18:31.385] [DEBUG] cheese - login => username:admin,password:123456
[2020-03-20T20:18:31.385] [DEBUG] cheese - admin
[2020-03-20T20:18:31.387] [DEBUG] cheese - null
[2020-03-20T20:18:31.387] [DEBUG] cheese - null
[2020-03-20T20:18:31.533] [DEBUG] cheese - login => username:admin,password:123456
[2020-03-20T20:18:31.533] [DEBUG] cheese - admin
[2020-03-20T20:18:31.535] [DEBUG] cheese - null
[2020-03-20T20:18:31.535] [DEBUG] cheese - null
[2020-03-20T20:18:31.675] [DEBUG] cheese - login => username:admin,password:123456
[2020-03-20T20:18:31.675] [DEBUG] cheese - admin
[2020-03-20T20:18:31.677] [DEBUG] cheese - null
[2020-03-20T20:18:31.677] [DEBUG] cheese - null
[2020-03-20T20:18:31.827] [DEBUG] cheese - login => username:admin,password:123456
[2020-03-20T20:18:31.827] [DEBUG] cheese - admin
[2020-03-20T20:18:31.829] [DEBUG] cheese - null
[2020-03-20T20:18:31.829] [DEBUG] cheese - null
[2020-03-20T20:22:29.788] [DEBUG] cheese - login => username:asdfasd,password:asdfasd
[2020-03-20T20:22:29.788] [DEBUG] cheese - asdfasd
[2020-03-20T20:22:29.789] [DEBUG] cheese - null
[2020-03-20T20:22:29.789] [DEBUG] cheese - null
[2020-03-20T20:22:51.641] [DEBUG] cheese - login => username:asdfasdf,password:asfdads
[2020-03-20T20:22:51.641] [DEBUG] cheese - asdfasdf
[2020-03-20T20:22:51.642] [DEBUG] cheese - null
[2020-03-20T20:22:51.642] [DEBUG] cheese - null
[2020-03-20T20:23:24.561] [DEBUG] cheese - login => username:asfas,password:asdfas
[2020-03-20T20:23:24.561] [DEBUG] cheese - asfas
[2020-03-20T20:23:24.563] [DEBUG] cheese - null
[2020-03-20T20:23:24.563] [DEBUG] cheese - null
[2020-03-20T20:24:53.649] [DEBUG] cheese - login => username:asdfa,password:asdfasdf
[2020-03-20T20:24:53.649] [DEBUG] cheese - asdfa
[2020-03-20T20:24:53.650] [DEBUG] cheese - null
[2020-03-20T20:24:53.650] [DEBUG] cheese - null
[2020-03-20T20:25:39.215] [DEBUG] cheese - login => username:asdfa,password:asdfasdf
[2020-03-20T20:25:39.216] [DEBUG] cheese - asdfa
[2020-03-20T20:25:39.217] [DEBUG] cheese - null
[2020-03-20T20:25:39.217] [DEBUG] cheese - null
[2020-03-20T20:25:43.414] [DEBUG] cheese - login => username:asdfa,password:asdfasdf
[2020-03-20T20:25:43.414] [DEBUG] cheese - asdfa
[2020-03-20T20:25:43.416] [DEBUG] cheese - null
[2020-03-20T20:25:43.416] [DEBUG] cheese - null
[2020-03-20T20:26:11.462] [DEBUG] cheese - login => username:asdfa,password:sadfasdf
[2020-03-20T20:26:11.462] [DEBUG] cheese - asdfa
[2020-03-20T20:26:11.464] [DEBUG] cheese - null
[2020-03-20T20:26:11.464] [DEBUG] cheese - null
[2020-03-20T20:26:15.030] [DEBUG] cheese - login => username:admin,password:sadfasdf
[2020-03-20T20:26:15.030] [DEBUG] cheese - admin
[2020-03-20T20:26:15.031] [DEBUG] cheese - null
[2020-03-20T20:26:15.031] [DEBUG] cheese - null
[2020-03-20T20:26:20.423] [DEBUG] cheese - login => username:admin,password:123456
[2020-03-20T20:26:20.423] [DEBUG] cheese - admin
[2020-03-20T20:26:20.424] [DEBUG] cheese - null
[2020-03-20T20:26:20.424] [DEBUG] cheese - null
[2020-03-20T20:26:40.984] [DEBUG] cheese - login => username:admin,password:123456
[2020-03-20T20:26:40.984] [DEBUG] cheese - admin
[2020-03-20T20:26:40.986] [DEBUG] cheese - null
[2020-03-20T20:26:40.986] [DEBUG] cheese - null
[2020-03-20T20:28:38.855] [DEBUG] cheese - login => username:sadfas,password:asdfasdfa
[2020-03-20T20:28:38.855] [DEBUG] cheese - sadfas
[2020-03-20T20:28:38.856] [DEBUG] cheese - null
[2020-03-20T20:28:38.856] [DEBUG] cheese - null
[2020-03-20T20:28:44.480] [DEBUG] cheese - login => username:admin,password:asdfasdfa
[2020-03-20T20:28:44.480] [DEBUG] cheese - admin
[2020-03-20T20:28:44.482] [DEBUG] cheese - null
[2020-03-20T20:28:44.482] [DEBUG] cheese - null
[2020-03-20T20:39:56.766] [DEBUG] cheese - login => username:admin,password:123456
[2020-03-20T20:39:56.766] [DEBUG] cheese - admin
[2020-03-20T20:39:56.768] [DEBUG] cheese - null
[2020-03-20T20:39:56.768] [DEBUG] cheese - null
[2020-03-20T20:40:24.118] [DEBUG] cheese - login => username:admin,password:123456
[2020-03-20T20:40:24.119] [DEBUG] cheese - admin
[2020-03-20T20:40:24.120] [DEBUG] cheese - null
[2020-03-20T20:40:24.120] [DEBUG] cheese - null
[2020-03-20T20:41:00.645] [DEBUG] cheese - login => username:admin,password:123456
[2020-03-20T20:41:00.645] [DEBUG] cheese - admin
[2020-03-20T20:41:00.646] [DEBUG] cheese - null
[2020-03-20T20:41:00.646] [DEBUG] cheese - null
[2020-03-20T20:43:14.952] [DEBUG] cheese - login => username:admin,password:123456
[2020-03-20T20:43:14.952] [DEBUG] cheese - admin
[2020-03-20T20:43:14.953] [DEBUG] cheese - null
[2020-03-20T20:43:14.953] [DEBUG] cheese - null
[2020-03-20T20:44:01.760] [DEBUG] cheese - login => username:admin,password:123456
[2020-03-20T20:44:01.760] [DEBUG] cheese - admin
[2020-03-20T20:44:01.761] [DEBUG] cheese - null
[2020-03-20T20:44:01.761] [DEBUG] cheese - null
[2020-03-20T20:44:34.070] [DEBUG] cheese - login => username:admin,password:123456
[2020-03-20T20:44:34.070] [DEBUG] cheese - admin
[2020-03-20T20:44:34.072] [DEBUG] cheese - null
[2020-03-20T20:44:34.072] [DEBUG] cheese - null
[2020-03-20T20:57:43.659] [DEBUG] cheese - login => username:admin,password:123456
[2020-03-20T20:57:43.659] [DEBUG] cheese - admin
[2020-03-20T20:57:43.661] [DEBUG] cheese - null
[2020-03-20T20:57:43.661] [DEBUG] cheese - null
[2020-03-20T20:59:32.395] [DEBUG] cheese - login => username:admin,password:123456
[2020-03-20T20:59:32.395] [DEBUG] cheese - admin
[2020-03-20T20:59:32.396] [DEBUG] cheese - null
[2020-03-20T20:59:32.396] [DEBUG] cheese - null
[2020-03-20T20:59:34.313] [DEBUG] cheese - login => username:admin,password:123456
[2020-03-20T20:59:34.313] [DEBUG] cheese - admin
[2020-03-20T20:59:34.315] [DEBUG] cheese - null
[2020-03-20T20:59:34.315] [DEBUG] cheese - null
[2020-03-20T20:59:37.670] [DEBUG] cheese - login => username:admin,password:123456
[2020-03-20T20:59:37.670] [DEBUG] cheese - admin
[2020-03-20T20:59:37.672] [DEBUG] cheese - null
[2020-03-20T20:59:37.672] [DEBUG] cheese - null
